<?xml version="1.0" encoding="UTF-8"?>
<testng-results ignored="0" total="3" passed="3" failed="0" skipped="0">
  <reporter-output>
  </reporter-output>
  <suite started-at="2023-04-11T12:35:31 IST" name="Testcases" finished-at="2023-04-11T12:35:31 IST" duration-ms="219">
    <groups>
    </groups>
    <test started-at="2023-04-11T12:35:31 IST" name="Tests" finished-at="2023-04-11T12:35:31 IST" duration-ms="219">
      <class name="com.sgtesting.tests.Users">
        <test-method signature="method1()[pri:0, instance:com.sgtesting.tests.Users@72cde7cc]" started-at="2023-04-11T12:35:31 IST" name="method1" finished-at="2023-04-11T12:35:31 IST" duration-ms="20" status="PASS">
          <reporter-output>
          </reporter-output>
        </test-method> <!-- method1 -->
        <test-method signature="method2()[pri:0, instance:com.sgtesting.tests.Users@72cde7cc]" started-at="2023-04-11T12:35:31 IST" name="method2" finished-at="2023-04-11T12:35:31 IST" duration-ms="3" status="PASS">
          <reporter-output>
          </reporter-output>
        </test-method> <!-- method2 -->
        <test-method signature="method3()[pri:0, instance:com.sgtesting.tests.Users@72cde7cc]" started-at="2023-04-11T12:35:31 IST" name="method3" finished-at="2023-04-11T12:35:31 IST" duration-ms="2" status="PASS">
          <reporter-output>
          </reporter-output>
        </test-method> <!-- method3 -->
      </class> <!-- com.sgtesting.tests.Users -->
    </test> <!-- Tests -->
  </suite> <!-- Testcases -->
</testng-results>
